2022-08-08 12:41:32,532:INFO:PyCaret Supervised Module
2022-08-08 12:41:32,533:INFO:ML Usecase: regression
2022-08-08 12:41:32,534:INFO:version 2.3.6
2022-08-08 12:41:32,534:INFO:Initializing setup()
2022-08-08 12:41:32,534:INFO:setup(target=Viability, ml_usecase=regression, available_plots={'parameter': 'Hyperparameters', 'residuals': 'Residuals', 'error': 'Prediction Error', 'cooks': 'Cooks Distance', 'rfe': 'Feature Selection', 'learning': 'Learning Curve', 'manifold': 'Manifold Learning', 'vc': 'Validation Curve', 'feature': 'Feature Importance', 'feature_all': 'Feature Importance (All)', 'tree': 'Decision Tree', 'residuals_interactive': 'Interactive Residuals'}, train_size=0.7, test_data=None, preprocess=True, imputation_type=iterative, iterative_imputation_iters=5, categorical_features=None, categorical_imputation=constant, categorical_iterative_imputer=lightgbm, ordinal_features=None, high_cardinality_features=None, high_cardinality_method=frequency, numeric_features=None, numeric_imputation=mean, numeric_iterative_imputer=lightgbm, date_features=None, ignore_features=['nanomaterial', 'Coating', 'Cell_name'], normalize=False, normalize_method=zscore, transformation=False, transformation_method=yeo-johnson, handle_unknown_categorical=True, unknown_categorical_method=least_frequent, pca=False, pca_method=linear, pca_components=None, ignore_low_variance=True, combine_rare_levels=False, rare_level_threshold=0.05, bin_numeric_features=None, remove_outliers=True, outliers_threshold=0.05, remove_multicollinearity=False, multicollinearity_threshold=0.9, remove_perfect_collinearity=True, create_clusters=False, cluster_iter=20, polynomial_features=False, polynomial_degree=2, trigonometry_features=False, polynomial_threshold=0.1, group_features=None, group_names=None, feature_selection=False, feature_selection_threshold=0.8, feature_selection_method=classic, feature_interaction=False, feature_ratio=False, interaction_threshold=0.01, fix_imbalance=False, fix_imbalance_method=None, transform_target=False, transform_target_method=box-cox, data_split_shuffle=True, data_split_stratify=False, fold_strategy=kfold, fold=10, fold_shuffle=False, fold_groups=None, n_jobs=-1, use_gpu=False, custom_pipeline=None, html=True, session_id=123, log_experiment=False, experiment_name=nanosafety, log_plots=False, log_profile=False, log_data=False, silent=True, verbose=True, profile=False, profile_kwargs=None, display=None)
2022-08-08 12:41:32,535:INFO:Checking environment
2022-08-08 12:41:32,535:INFO:python_version: 3.8.12
2022-08-08 12:41:32,536:INFO:python_build: ('default', 'Oct 12 2021 21:57:06')
2022-08-08 12:41:32,536:INFO:machine: x86_64
2022-08-08 12:41:32,536:INFO:platform: Linux-5.4.72-microsoft-standard-WSL2-x86_64-with-glibc2.10
2022-08-08 12:41:32,537:INFO:Memory: svmem(total=29446279168, available=27591700480, percent=6.3, used=1180803072, free=24430366720, active=2225999872, inactive=2448683008, buffers=404025344, cached=3431084032, shared=420671488, slab=234950656)
2022-08-08 12:41:32,538:INFO:Physical Core: 6
2022-08-08 12:41:32,539:INFO:Logical Core: 12
2022-08-08 12:41:32,539:INFO:Checking libraries
2022-08-08 12:41:32,539:INFO:pd==1.3.5
2022-08-08 12:41:32,540:INFO:numpy==1.19.5
2022-08-08 12:41:32,541:INFO:sklearn==0.23.2
2022-08-08 12:41:32,541:INFO:lightgbm==3.3.2
2022-08-08 12:41:32,559:INFO:catboost==1.0.4
2022-08-08 12:41:32,628:INFO:xgboost==1.5.2
2022-08-08 12:41:32,892:INFO:mlflow==1.23.0
2022-08-08 12:41:32,893:INFO:Checking Exceptions
2022-08-08 12:41:32,894:INFO:Declaring global variables
2022-08-08 12:41:32,894:INFO:USI: bfdf
2022-08-08 12:41:32,894:INFO:pycaret_globals: {'iterative_imputation_iters_param', '_gpu_n_jobs_param', 'fold_param', 'fold_groups_param', 'y', 'fold_shuffle_param', 'stratify_param', 'transform_target_param', 'fold_groups_param_full', 'X_test', 'target_param', 'gpu_param', '_internal_pipeline', 'n_jobs_param', 'pycaret_globals', 'imputation_regressor', 'prep_pipe', 'logging_param', 'fold_generator', 'fix_imbalance_param', 'data_before_preprocess', 'experiment__', 'display_container', 'create_model_container', '_all_models_internal', 'USI', '_available_plots', 'exp_name_log', 'imputation_classifier', 'seed', 'log_plots_param', 'X', 'transform_target_method_param', 'fix_imbalance_method_param', 'y_train', 'X_train', 'master_model_container', '_all_metrics', 'html_param', '_all_models', '_ml_usecase', 'y_test'}
2022-08-08 12:41:32,900:INFO:Preparing display monitor
2022-08-08 12:41:32,901:INFO:Preparing display monitor
2022-08-08 12:41:32,917:INFO:Importing libraries
2022-08-08 12:41:32,918:INFO:Copying data for preprocessing
2022-08-08 12:41:32,929:INFO:Declaring preprocessing parameters
2022-08-08 12:41:32,933:INFO:Setting up iterative imputation
2022-08-08 12:41:33,222:INFO:Creating preprocessing pipeline
2022-08-08 12:41:33,263:INFO:Preprocessing pipeline created successfully
2022-08-08 12:41:33,264:ERROR:(Process Exit): setup has been interupted with user command 'quit'. setup must rerun.
2022-08-08 12:41:33,264:INFO:Creating global containers
2022-08-08 12:41:33,265:INFO:Internal pipeline: Pipeline(memory=None, steps=[('empty_step', 'passthrough')], verbose=False)
2022-08-08 12:41:33,550:INFO:Iterative Imputation: 1 cycle | Cell_morphology
2022-08-08 12:41:36,904:INFO:Iterative Imputation: 1 cycle | cell_type
2022-08-08 12:41:37,389:INFO:Iterative Imputation: 1 cycle | Dose_microg_mL
2022-08-08 12:41:37,771:INFO:Iterative Imputation: 1 cycle | Test_indicator
2022-08-08 12:41:40,372:INFO:Iterative Imputation: 1 cycle | Duration_h
2022-08-08 12:41:40,729:INFO:Iterative Imputation: 1 cycle | Cell_age
2022-08-08 12:41:42,089:INFO:Iterative Imputation: 1 cycle | core_size_nm
2022-08-08 12:41:42,524:INFO:Iterative Imputation: 1 cycle | sex
2022-08-08 12:41:42,944:INFO:Iterative Imputation: 1 cycle | Surf_charge_mV
2022-08-08 12:41:43,289:INFO:Iterative Imputation: 1 cycle | shape
2022-08-08 12:41:44,641:INFO:Iterative Imputation: 1 cycle | hydro_size_nm
2022-08-08 12:41:45,018:INFO:Iterative Imputation: 1 cycle | Surface_area_m2_g
2022-08-08 12:41:45,296:INFO:Iterative Imputation: 2 cycle | Cell_morphology
2022-08-08 12:41:48,245:INFO:Iterative Imputation: 2 cycle | cell_type
2022-08-08 12:41:48,721:INFO:Iterative Imputation: 2 cycle | Dose_microg_mL
2022-08-08 12:41:49,103:INFO:Iterative Imputation: 2 cycle | Test_indicator
2022-08-08 12:41:51,925:INFO:Iterative Imputation: 2 cycle | Duration_h
2022-08-08 12:41:52,279:INFO:Iterative Imputation: 2 cycle | Cell_age
2022-08-08 12:41:53,616:INFO:Iterative Imputation: 2 cycle | core_size_nm
2022-08-08 12:41:54,043:INFO:Iterative Imputation: 2 cycle | sex
2022-08-08 12:41:54,523:INFO:Iterative Imputation: 2 cycle | Surf_charge_mV
2022-08-08 12:41:54,870:INFO:Iterative Imputation: 2 cycle | shape
2022-08-08 12:41:56,997:INFO:Iterative Imputation: 2 cycle | hydro_size_nm
2022-08-08 12:41:57,405:INFO:Iterative Imputation: 2 cycle | Surface_area_m2_g
2022-08-08 12:41:57,656:INFO:Iterative Imputation: 3 cycle | Cell_morphology
2022-08-08 12:42:00,283:INFO:Iterative Imputation: 3 cycle | cell_type
2022-08-08 12:42:00,723:INFO:Iterative Imputation: 3 cycle | Dose_microg_mL
2022-08-08 12:42:01,113:INFO:Iterative Imputation: 3 cycle | Test_indicator
2022-08-08 12:42:03,793:INFO:Iterative Imputation: 3 cycle | Duration_h
2022-08-08 12:42:04,184:INFO:Iterative Imputation: 3 cycle | Cell_age
2022-08-08 12:42:05,529:INFO:Iterative Imputation: 3 cycle | core_size_nm
2022-08-08 12:42:05,919:INFO:Iterative Imputation: 3 cycle | sex
2022-08-08 12:42:06,421:INFO:Iterative Imputation: 3 cycle | Surf_charge_mV
2022-08-08 12:42:06,798:INFO:Iterative Imputation: 3 cycle | shape
2022-08-08 12:42:08,909:INFO:Iterative Imputation: 3 cycle | hydro_size_nm
2022-08-08 12:42:09,292:INFO:Iterative Imputation: 3 cycle | Surface_area_m2_g
2022-08-08 12:42:09,563:INFO:Iterative Imputation: 4 cycle | Cell_morphology
2022-08-08 12:42:12,162:INFO:Iterative Imputation: 4 cycle | cell_type
2022-08-08 12:42:12,690:INFO:Iterative Imputation: 4 cycle | Dose_microg_mL
2022-08-08 12:42:13,093:INFO:Iterative Imputation: 4 cycle | Test_indicator
2022-08-08 12:42:15,864:INFO:Iterative Imputation: 4 cycle | Duration_h
2022-08-08 12:42:16,254:INFO:Iterative Imputation: 4 cycle | Cell_age
2022-08-08 12:42:17,569:INFO:Iterative Imputation: 4 cycle | core_size_nm
2022-08-08 12:42:17,986:INFO:Iterative Imputation: 4 cycle | sex
2022-08-08 12:42:18,458:INFO:Iterative Imputation: 4 cycle | Surf_charge_mV
2022-08-08 12:42:18,831:INFO:Iterative Imputation: 4 cycle | shape
2022-08-08 12:42:20,922:INFO:Iterative Imputation: 4 cycle | hydro_size_nm
2022-08-08 12:42:21,341:INFO:Iterative Imputation: 4 cycle | Surface_area_m2_g
2022-08-08 12:42:21,615:INFO:Iterative Imputation: 5 cycle | Cell_morphology
2022-08-08 12:42:24,364:INFO:Iterative Imputation: 5 cycle | cell_type
2022-08-08 12:42:24,831:INFO:Iterative Imputation: 5 cycle | Dose_microg_mL
2022-08-08 12:42:25,234:INFO:Iterative Imputation: 5 cycle | Test_indicator
2022-08-08 12:42:28,043:INFO:Iterative Imputation: 5 cycle | Duration_h
2022-08-08 12:42:28,464:INFO:Iterative Imputation: 5 cycle | Cell_age
2022-08-08 12:42:29,893:INFO:Iterative Imputation: 5 cycle | core_size_nm
2022-08-08 12:42:30,301:INFO:Iterative Imputation: 5 cycle | sex
2022-08-08 12:42:30,779:INFO:Iterative Imputation: 5 cycle | Surf_charge_mV
2022-08-08 12:42:31,199:INFO:Iterative Imputation: 5 cycle | shape
2022-08-08 12:42:33,734:INFO:Iterative Imputation: 5 cycle | hydro_size_nm
2022-08-08 12:42:34,263:INFO:Iterative Imputation: 5 cycle | Surface_area_m2_g
2022-08-08 12:42:35,614:INFO:Iterative Imputation: 1 cycle | Cell_morphology
2022-08-08 12:42:35,707:INFO:Iterative Imputation: 1 cycle | cell_type
2022-08-08 12:42:35,790:INFO:Iterative Imputation: 1 cycle | Test_indicator
2022-08-08 12:42:35,875:INFO:Iterative Imputation: 1 cycle | Dose_microg_mL
2022-08-08 12:42:35,953:INFO:Iterative Imputation: 1 cycle | Duration_h
2022-08-08 12:42:36,035:INFO:Iterative Imputation: 1 cycle | Cell_age
2022-08-08 12:42:36,120:INFO:Iterative Imputation: 1 cycle | core_size_nm
2022-08-08 12:42:36,203:INFO:Iterative Imputation: 1 cycle | sex
2022-08-08 12:42:36,292:INFO:Iterative Imputation: 1 cycle | Surf_charge_mV
2022-08-08 12:42:36,382:INFO:Iterative Imputation: 1 cycle | shape
2022-08-08 12:42:36,503:INFO:Iterative Imputation: 1 cycle | hydro_size_nm
2022-08-08 12:42:36,596:INFO:Iterative Imputation: 1 cycle | Surface_area_m2_g
2022-08-08 12:42:36,848:INFO:Iterative Imputation: 1 cycle | Cell_morphology
2022-08-08 12:42:36,935:INFO:Iterative Imputation: 1 cycle | cell_type
2022-08-08 12:42:37,027:INFO:Iterative Imputation: 1 cycle | Dose_microg_mL
2022-08-08 12:42:37,110:INFO:Iterative Imputation: 1 cycle | Test_indicator
2022-08-08 12:42:37,203:INFO:Iterative Imputation: 1 cycle | Duration_h
2022-08-08 12:42:37,285:INFO:Iterative Imputation: 1 cycle | Cell_age
2022-08-08 12:42:37,382:INFO:Iterative Imputation: 1 cycle | core_size_nm
2022-08-08 12:42:37,466:INFO:Iterative Imputation: 1 cycle | sex
2022-08-08 12:42:37,573:INFO:Iterative Imputation: 1 cycle | Surf_charge_mV
2022-08-08 12:42:37,685:INFO:Iterative Imputation: 1 cycle | shape
2022-08-08 12:42:37,874:INFO:Iterative Imputation: 1 cycle | hydro_size_nm
2022-08-08 12:42:38,001:INFO:Iterative Imputation: 1 cycle | Surface_area_m2_g
2022-08-08 12:42:38,541:INFO:Creating grid variables
2022-08-08 12:42:38,566:INFO:create_model_container: 0
2022-08-08 12:42:38,566:INFO:master_model_container: 0
2022-08-08 12:42:38,566:INFO:display_container: 1
2022-08-08 12:42:38,580:INFO:Pipeline(memory=None,
         steps=[('dtypes',
                 DataTypes_Auto_infer(categorical_features=[],
                                      display_types=False,
                                      features_todrop=['nanomaterial',
                                                       'Coating', 'Cell_name'],
                                      id_columns=[], ml_usecase='regression',
                                      numerical_features=[], target='Viability',
                                      time_features=[])),
                ('imputer',
                 Iterative_Imputer(add_indicator=False,
                                   classifier=LGBMClassifier(boosting_type='gbdt...
                 Outlier(contamination=0.05, methods=['pca'], random_state=123,
                         target='Viability')),
                ('cluster_all', 'passthrough'),
                ('dummy', Dummify(target='Viability')),
                ('fix_perfect', Remove_100(target='Viability')),
                ('clean_names', Clean_Colum_Names()),
                ('feature_select', 'passthrough'), ('fix_multi', 'passthrough'),
                ('dfs', 'passthrough'), ('pca', 'passthrough')],
         verbose=False)
2022-08-08 12:42:38,581:INFO:setup() succesfully completed......................................
2022-08-08 12:42:38,655:INFO:Initializing compare_models()
2022-08-08 12:42:38,657:INFO:compare_models(include=None, fold=None, round=4, cross_validation=True, sort=R2, n_select=3, budget_time=None, turbo=True, errors=ignore, fit_kwargs=None, groups=None, probability_threshold=None, verbose=True, display=None, exclude=None)
2022-08-08 12:42:38,658:INFO:Checking exceptions
2022-08-08 12:42:38,659:INFO:Preparing display monitor
2022-08-08 12:42:38,659:INFO:Preparing display monitor
2022-08-08 12:42:38,692:INFO:Initializing Linear Regression
2022-08-08 12:42:38,693:INFO:Total runtime is 1.1897087097167968e-05 minutes
2022-08-08 12:42:38,704:INFO:SubProcess create_model() called ==================================
2022-08-08 12:42:38,705:INFO:Initializing create_model()
2022-08-08 12:42:38,705:INFO:create_model(estimator=lr, fold=KFold(n_splits=10, random_state=None, shuffle=False), round=4, cross_validation=True, predict=True, fit_kwargs={}, groups=None, refit=False, verbose=False, system=False, metrics=None, add_to_model_list=True, probability_threshold=None, display=<pycaret.internal.Display.Display object at 0x7fd5155f8d30>, kwargs={})
2022-08-08 12:42:38,705:INFO:Checking exceptions
2022-08-08 12:42:38,706:INFO:Importing libraries
2022-08-08 12:42:38,706:INFO:Copying training dataset
2022-08-08 12:42:38,708:INFO:Defining folds
2022-08-08 12:42:38,709:INFO:Declaring metric variables
2022-08-08 12:42:38,718:INFO:Importing untrained model
2022-08-08 12:42:38,728:INFO:Linear Regression Imported succesfully
2022-08-08 12:42:38,748:INFO:Starting cross validation
2022-08-08 12:42:38,749:INFO:Cross validating with KFold(n_splits=10, random_state=None, shuffle=False), n_jobs=-1
2022-08-08 12:42:43,225:INFO:Calculating mean and std
2022-08-08 12:42:43,227:INFO:Creating metrics dataframe
2022-08-08 12:42:43,237:INFO:Uploading results into container
2022-08-08 12:42:43,237:INFO:Uploading model into container now
2022-08-08 12:42:43,238:INFO:create_model_container: 1
2022-08-08 12:42:43,238:INFO:master_model_container: 1
2022-08-08 12:42:43,239:INFO:display_container: 2
2022-08-08 12:42:43,239:INFO:LinearRegression(copy_X=True, fit_intercept=True, n_jobs=-1, normalize=False)
2022-08-08 12:42:43,240:INFO:create_model() succesfully completed......................................
2022-08-08 12:42:43,319:INFO:SubProcess create_model() end ==================================
2022-08-08 12:42:43,319:INFO:Creating metrics dataframe
2022-08-08 12:42:43,337:INFO:Initializing Lasso Regression
2022-08-08 12:42:43,337:INFO:Total runtime is 0.07741691271464031 minutes
2022-08-08 12:42:43,347:INFO:SubProcess create_model() called ==================================
2022-08-08 12:42:43,348:INFO:Initializing create_model()
2022-08-08 12:42:43,348:INFO:create_model(estimator=lasso, fold=KFold(n_splits=10, random_state=None, shuffle=False), round=4, cross_validation=True, predict=True, fit_kwargs={}, groups=None, refit=False, verbose=False, system=False, metrics=None, add_to_model_list=True, probability_threshold=None, display=<pycaret.internal.Display.Display object at 0x7fd5155f8d30>, kwargs={})
2022-08-08 12:42:43,348:INFO:Checking exceptions
2022-08-08 12:42:43,349:INFO:Importing libraries
2022-08-08 12:42:43,349:INFO:Copying training dataset
2022-08-08 12:42:43,351:INFO:Defining folds
2022-08-08 12:42:43,352:INFO:Declaring metric variables
2022-08-08 12:42:43,360:INFO:Importing untrained model
2022-08-08 12:42:43,370:INFO:Lasso Regression Imported succesfully
2022-08-08 12:42:43,390:INFO:Starting cross validation
2022-08-08 12:42:43,391:INFO:Cross validating with KFold(n_splits=10, random_state=None, shuffle=False), n_jobs=-1
2022-08-08 12:42:45,429:INFO:Calculating mean and std
2022-08-08 12:42:45,432:INFO:Creating metrics dataframe
2022-08-08 12:42:45,439:INFO:Uploading results into container
2022-08-08 12:42:45,440:INFO:Uploading model into container now
2022-08-08 12:42:45,440:INFO:create_model_container: 2
2022-08-08 12:42:45,441:INFO:master_model_container: 2
2022-08-08 12:42:45,441:INFO:display_container: 2
2022-08-08 12:42:45,442:INFO:Lasso(alpha=1.0, copy_X=True, fit_intercept=True, max_iter=1000,
      normalize=False, positive=False, precompute=False, random_state=123,
      selection='cyclic', tol=0.0001, warm_start=False)
2022-08-08 12:42:45,442:INFO:create_model() succesfully completed......................................
2022-08-08 12:42:45,509:INFO:SubProcess create_model() end ==================================
2022-08-08 12:42:45,509:INFO:Creating metrics dataframe
2022-08-08 12:42:45,528:INFO:Initializing Ridge Regression
2022-08-08 12:42:45,529:INFO:Total runtime is 0.11394037405649822 minutes
2022-08-08 12:42:45,539:INFO:SubProcess create_model() called ==================================
2022-08-08 12:42:45,540:INFO:Initializing create_model()
2022-08-08 12:42:45,540:INFO:create_model(estimator=ridge, fold=KFold(n_splits=10, random_state=None, shuffle=False), round=4, cross_validation=True, predict=True, fit_kwargs={}, groups=None, refit=False, verbose=False, system=False, metrics=None, add_to_model_list=True, probability_threshold=None, display=<pycaret.internal.Display.Display object at 0x7fd5155f8d30>, kwargs={})
2022-08-08 12:42:45,540:INFO:Checking exceptions
2022-08-08 12:42:45,541:INFO:Importing libraries
2022-08-08 12:42:45,541:INFO:Copying training dataset
2022-08-08 12:42:45,543:INFO:Defining folds
2022-08-08 12:42:45,543:INFO:Declaring metric variables
2022-08-08 12:42:45,552:INFO:Importing untrained model
2022-08-08 12:42:45,562:INFO:Ridge Regression Imported succesfully
2022-08-08 12:42:45,581:INFO:Starting cross validation
2022-08-08 12:42:45,582:INFO:Cross validating with KFold(n_splits=10, random_state=None, shuffle=False), n_jobs=-1
2022-08-08 12:42:45,761:INFO:Calculating mean and std
2022-08-08 12:42:45,764:INFO:Creating metrics dataframe
2022-08-08 12:42:45,774:INFO:Uploading results into container
2022-08-08 12:42:45,775:INFO:Uploading model into container now
2022-08-08 12:42:45,775:INFO:create_model_container: 3
2022-08-08 12:42:45,776:INFO:master_model_container: 3
2022-08-08 12:42:45,777:INFO:display_container: 2
2022-08-08 12:42:45,778:INFO:Ridge(alpha=1.0, copy_X=True, fit_intercept=True, max_iter=None,
      normalize=False, random_state=123, solver='auto', tol=0.001)
2022-08-08 12:42:45,779:INFO:create_model() succesfully completed......................................
2022-08-08 12:42:45,859:INFO:SubProcess create_model() end ==================================
2022-08-08 12:42:45,859:INFO:Creating metrics dataframe
2022-08-08 12:42:45,878:INFO:Initializing Elastic Net
2022-08-08 12:42:45,878:INFO:Total runtime is 0.11976286172866822 minutes
2022-08-08 12:42:45,889:INFO:SubProcess create_model() called ==================================
2022-08-08 12:42:45,889:INFO:Initializing create_model()
2022-08-08 12:42:45,890:INFO:create_model(estimator=en, fold=KFold(n_splits=10, random_state=None, shuffle=False), round=4, cross_validation=True, predict=True, fit_kwargs={}, groups=None, refit=False, verbose=False, system=False, metrics=None, add_to_model_list=True, probability_threshold=None, display=<pycaret.internal.Display.Display object at 0x7fd5155f8d30>, kwargs={})
2022-08-08 12:42:45,890:INFO:Checking exceptions
2022-08-08 12:42:45,890:INFO:Importing libraries
2022-08-08 12:42:45,891:INFO:Copying training dataset
2022-08-08 12:42:45,893:INFO:Defining folds
2022-08-08 12:42:45,893:INFO:Declaring metric variables
2022-08-08 12:42:45,902:INFO:Importing untrained model
2022-08-08 12:42:45,912:INFO:Elastic Net Imported succesfully
2022-08-08 12:42:45,932:INFO:Starting cross validation
2022-08-08 12:42:45,932:INFO:Cross validating with KFold(n_splits=10, random_state=None, shuffle=False), n_jobs=-1
2022-08-08 12:42:46,127:INFO:Calculating mean and std
2022-08-08 12:42:46,129:INFO:Creating metrics dataframe
2022-08-08 12:42:46,137:INFO:Uploading results into container
2022-08-08 12:42:46,137:INFO:Uploading model into container now
2022-08-08 12:42:46,138:INFO:create_model_container: 4
2022-08-08 12:42:46,138:INFO:master_model_container: 4
2022-08-08 12:42:46,139:INFO:display_container: 2
2022-08-08 12:42:46,140:INFO:ElasticNet(alpha=1.0, copy_X=True, fit_intercept=True, l1_ratio=0.5,
           max_iter=1000, normalize=False, positive=False, precompute=False,
           random_state=123, selection='cyclic', tol=0.0001, warm_start=False)
2022-08-08 12:42:46,141:INFO:create_model() succesfully completed......................................
2022-08-08 12:42:46,214:INFO:SubProcess create_model() end ==================================
2022-08-08 12:42:46,214:INFO:Creating metrics dataframe
2022-08-08 12:42:46,239:INFO:Initializing Least Angle Regression
2022-08-08 12:42:46,239:INFO:Total runtime is 0.1257772445678711 minutes
2022-08-08 12:42:46,251:INFO:SubProcess create_model() called ==================================
2022-08-08 12:42:46,251:INFO:Initializing create_model()
2022-08-08 12:42:46,252:INFO:create_model(estimator=lar, fold=KFold(n_splits=10, random_state=None, shuffle=False), round=4, cross_validation=True, predict=True, fit_kwargs={}, groups=None, refit=False, verbose=False, system=False, metrics=None, add_to_model_list=True, probability_threshold=None, display=<pycaret.internal.Display.Display object at 0x7fd5155f8d30>, kwargs={})
2022-08-08 12:42:46,252:INFO:Checking exceptions
2022-08-08 12:42:46,252:INFO:Importing libraries
2022-08-08 12:42:46,253:INFO:Copying training dataset
2022-08-08 12:42:46,255:INFO:Defining folds
2022-08-08 12:42:46,255:INFO:Declaring metric variables
2022-08-08 12:42:46,265:INFO:Importing untrained model
2022-08-08 12:42:46,275:INFO:Least Angle Regression Imported succesfully
2022-08-08 12:42:46,295:INFO:Starting cross validation
2022-08-08 12:42:46,296:INFO:Cross validating with KFold(n_splits=10, random_state=None, shuffle=False), n_jobs=-1
2022-08-08 12:42:46,591:WARNING:create_model() for lar raised an exception or returned all 0.0, trying without fit_kwargs:
2022-08-08 12:42:46,594:WARNING:joblib.externals.loky.process_executor._RemoteTraceback: 
"""
Traceback (most recent call last):
  File "/opt/conda/envs/pycaret_full/lib/python3.8/site-packages/joblib/externals/loky/process_executor.py", line 431, in _process_worker
    r = call_item()
  File "/opt/conda/envs/pycaret_full/lib/python3.8/site-packages/joblib/externals/loky/process_executor.py", line 285, in __call__
    return self.fn(*self.args, **self.kwargs)
  File "/opt/conda/envs/pycaret_full/lib/python3.8/site-packages/joblib/_parallel_backends.py", line 595, in __call__
    return self.func(*args, **kwargs)
  File "/opt/conda/envs/pycaret_full/lib/python3.8/site-packages/joblib/parallel.py", line 262, in __call__
    return [func(*args, **kwargs)
  File "/opt/conda/envs/pycaret_full/lib/python3.8/site-packages/joblib/parallel.py", line 262, in <listcomp>
    return [func(*args, **kwargs)
  File "/opt/conda/envs/pycaret_full/lib/python3.8/site-packages/sklearn/model_selection/_validation.py", line 560, in _fit_and_score
    test_scores = _score(estimator, X_test, y_test, scorer)
  File "/opt/conda/envs/pycaret_full/lib/python3.8/site-packages/sklearn/model_selection/_validation.py", line 607, in _score
    scores = scorer(estimator, X_test, y_test)
  File "/opt/conda/envs/pycaret_full/lib/python3.8/site-packages/sklearn/metrics/_scorer.py", line 87, in __call__
    score = scorer._score(cached_call, estimator,
  File "/opt/conda/envs/pycaret_full/lib/python3.8/site-packages/sklearn/metrics/_scorer.py", line 212, in _score
    return self._sign * self._score_func(y_true, y_pred,
  File "/opt/conda/envs/pycaret_full/lib/python3.8/site-packages/sklearn/utils/validation.py", line 72, in inner_f
    return f(**kwargs)
  File "/opt/conda/envs/pycaret_full/lib/python3.8/site-packages/sklearn/metrics/_regression.py", line 178, in mean_absolute_error
    y_type, y_true, y_pred, multioutput = _check_reg_targets(
  File "/opt/conda/envs/pycaret_full/lib/python3.8/site-packages/sklearn/metrics/_regression.py", line 86, in _check_reg_targets
    y_pred = check_array(y_pred, ensure_2d=False, dtype=dtype)
  File "/opt/conda/envs/pycaret_full/lib/python3.8/site-packages/sklearn/utils/validation.py", line 72, in inner_f
    return f(**kwargs)
  File "/opt/conda/envs/pycaret_full/lib/python3.8/site-packages/sklearn/utils/validation.py", line 644, in check_array
    _assert_all_finite(array,
  File "/opt/conda/envs/pycaret_full/lib/python3.8/site-packages/sklearn/utils/validation.py", line 96, in _assert_all_finite
    raise ValueError(
ValueError: Input contains NaN, infinity or a value too large for dtype('float64').
"""

The above exception was the direct cause of the following exception:

Traceback (most recent call last):
  File "/opt/conda/envs/pycaret_full/lib/python3.8/site-packages/pycaret/internal/tabular.py", line 2206, in compare_models
    model, model_fit_time = create_model_supervised(**create_model_args)
  File "/opt/conda/envs/pycaret_full/lib/python3.8/site-packages/pycaret/internal/tabular.py", line 3171, in create_model_supervised
    scores = cross_validate(
  File "/opt/conda/envs/pycaret_full/lib/python3.8/site-packages/sklearn/utils/validation.py", line 72, in inner_f
    return f(**kwargs)
  File "/opt/conda/envs/pycaret_full/lib/python3.8/site-packages/sklearn/model_selection/_validation.py", line 242, in cross_validate
    scores = parallel(
  File "/opt/conda/envs/pycaret_full/lib/python3.8/site-packages/joblib/parallel.py", line 1054, in __call__
    self.retrieve()
  File "/opt/conda/envs/pycaret_full/lib/python3.8/site-packages/joblib/parallel.py", line 933, in retrieve
    self._output.extend(job.get(timeout=self.timeout))
  File "/opt/conda/envs/pycaret_full/lib/python3.8/site-packages/joblib/_parallel_backends.py", line 542, in wrap_future_result
    return future.result(timeout=timeout)
  File "/opt/conda/envs/pycaret_full/lib/python3.8/concurrent/futures/_base.py", line 444, in result
    return self.__get_result()
  File "/opt/conda/envs/pycaret_full/lib/python3.8/concurrent/futures/_base.py", line 389, in __get_result
    raise self._exception
ValueError: Input contains NaN, infinity or a value too large for dtype('float64').

2022-08-08 12:42:46,594:INFO:Initializing create_model()
2022-08-08 12:42:46,595:INFO:create_model(estimator=lar, fold=KFold(n_splits=10, random_state=None, shuffle=False), round=4, cross_validation=True, predict=True, fit_kwargs={}, groups=None, refit=False, verbose=False, system=False, metrics=None, add_to_model_list=True, probability_threshold=None, display=<pycaret.internal.Display.Display object at 0x7fd5155f8d30>, kwargs={})
2022-08-08 12:42:46,595:INFO:Checking exceptions
2022-08-08 12:42:46,596:INFO:Importing libraries
2022-08-08 12:42:46,596:INFO:Copying training dataset
2022-08-08 12:42:46,598:INFO:Defining folds
2022-08-08 12:42:46,599:INFO:Declaring metric variables
2022-08-08 12:42:46,608:INFO:Importing untrained model
2022-08-08 12:42:46,617:INFO:Least Angle Regression Imported succesfully
2022-08-08 12:42:46,638:INFO:Starting cross validation
2022-08-08 12:42:46,639:INFO:Cross validating with KFold(n_splits=10, random_state=None, shuffle=False), n_jobs=-1
2022-08-08 12:42:51,170:ERROR:create_model() for lar raised an exception or returned all 0.0:
2022-08-08 12:42:51,171:ERROR:joblib.externals.loky.process_executor._RemoteTraceback: 
"""
Traceback (most recent call last):
  File "/opt/conda/envs/pycaret_full/lib/python3.8/site-packages/joblib/externals/loky/process_executor.py", line 431, in _process_worker
    r = call_item()
  File "/opt/conda/envs/pycaret_full/lib/python3.8/site-packages/joblib/externals/loky/process_executor.py", line 285, in __call__
    return self.fn(*self.args, **self.kwargs)
  File "/opt/conda/envs/pycaret_full/lib/python3.8/site-packages/joblib/_parallel_backends.py", line 595, in __call__
    return self.func(*args, **kwargs)
  File "/opt/conda/envs/pycaret_full/lib/python3.8/site-packages/joblib/parallel.py", line 262, in __call__
    return [func(*args, **kwargs)
  File "/opt/conda/envs/pycaret_full/lib/python3.8/site-packages/joblib/parallel.py", line 262, in <listcomp>
    return [func(*args, **kwargs)
  File "/opt/conda/envs/pycaret_full/lib/python3.8/site-packages/sklearn/model_selection/_validation.py", line 560, in _fit_and_score
    test_scores = _score(estimator, X_test, y_test, scorer)
  File "/opt/conda/envs/pycaret_full/lib/python3.8/site-packages/sklearn/model_selection/_validation.py", line 607, in _score
    scores = scorer(estimator, X_test, y_test)
  File "/opt/conda/envs/pycaret_full/lib/python3.8/site-packages/sklearn/metrics/_scorer.py", line 87, in __call__
    score = scorer._score(cached_call, estimator,
  File "/opt/conda/envs/pycaret_full/lib/python3.8/site-packages/sklearn/metrics/_scorer.py", line 212, in _score
    return self._sign * self._score_func(y_true, y_pred,
  File "/opt/conda/envs/pycaret_full/lib/python3.8/site-packages/sklearn/utils/validation.py", line 72, in inner_f
    return f(**kwargs)
  File "/opt/conda/envs/pycaret_full/lib/python3.8/site-packages/sklearn/metrics/_regression.py", line 178, in mean_absolute_error
    y_type, y_true, y_pred, multioutput = _check_reg_targets(
  File "/opt/conda/envs/pycaret_full/lib/python3.8/site-packages/sklearn/metrics/_regression.py", line 86, in _check_reg_targets
    y_pred = check_array(y_pred, ensure_2d=False, dtype=dtype)
  File "/opt/conda/envs/pycaret_full/lib/python3.8/site-packages/sklearn/utils/validation.py", line 72, in inner_f
    return f(**kwargs)
  File "/opt/conda/envs/pycaret_full/lib/python3.8/site-packages/sklearn/utils/validation.py", line 644, in check_array
    _assert_all_finite(array,
  File "/opt/conda/envs/pycaret_full/lib/python3.8/site-packages/sklearn/utils/validation.py", line 96, in _assert_all_finite
    raise ValueError(
ValueError: Input contains NaN, infinity or a value too large for dtype('float64').
"""

The above exception was the direct cause of the following exception:

Traceback (most recent call last):
  File "/opt/conda/envs/pycaret_full/lib/python3.8/site-packages/pycaret/internal/tabular.py", line 2215, in compare_models
    model, model_fit_time = create_model_supervised(**create_model_args)
  File "/opt/conda/envs/pycaret_full/lib/python3.8/site-packages/pycaret/internal/tabular.py", line 3171, in create_model_supervised
    scores = cross_validate(
  File "/opt/conda/envs/pycaret_full/lib/python3.8/site-packages/sklearn/utils/validation.py", line 72, in inner_f
    return f(**kwargs)
  File "/opt/conda/envs/pycaret_full/lib/python3.8/site-packages/sklearn/model_selection/_validation.py", line 242, in cross_validate
    scores = parallel(
  File "/opt/conda/envs/pycaret_full/lib/python3.8/site-packages/joblib/parallel.py", line 1054, in __call__
    self.retrieve()
  File "/opt/conda/envs/pycaret_full/lib/python3.8/site-packages/joblib/parallel.py", line 933, in retrieve
    self._output.extend(job.get(timeout=self.timeout))
  File "/opt/conda/envs/pycaret_full/lib/python3.8/site-packages/joblib/_parallel_backends.py", line 542, in wrap_future_result
    return future.result(timeout=timeout)
  File "/opt/conda/envs/pycaret_full/lib/python3.8/concurrent/futures/_base.py", line 444, in result
    return self.__get_result()
  File "/opt/conda/envs/pycaret_full/lib/python3.8/concurrent/futures/_base.py", line 389, in __get_result
    raise self._exception
ValueError: Input contains NaN, infinity or a value too large for dtype('float64').

2022-08-08 12:42:51,171:INFO:Initializing Lasso Least Angle Regression
2022-08-08 12:42:51,172:INFO:Total runtime is 0.2079872767130534 minutes
2022-08-08 12:42:51,184:INFO:SubProcess create_model() called ==================================
2022-08-08 12:42:51,185:INFO:Initializing create_model()
2022-08-08 12:42:51,185:INFO:create_model(estimator=llar, fold=KFold(n_splits=10, random_state=None, shuffle=False), round=4, cross_validation=True, predict=True, fit_kwargs={}, groups=None, refit=False, verbose=False, system=False, metrics=None, add_to_model_list=True, probability_threshold=None, display=<pycaret.internal.Display.Display object at 0x7fd5155f8d30>, kwargs={})
2022-08-08 12:42:51,185:INFO:Checking exceptions
2022-08-08 12:42:51,185:INFO:Importing libraries
2022-08-08 12:42:51,186:INFO:Copying training dataset
2022-08-08 12:42:51,188:INFO:Defining folds
2022-08-08 12:42:51,188:INFO:Declaring metric variables
2022-08-08 12:42:51,198:INFO:Importing untrained model
2022-08-08 12:42:51,209:INFO:Lasso Least Angle Regression Imported succesfully
2022-08-08 12:42:51,231:INFO:Starting cross validation
2022-08-08 12:42:51,232:INFO:Cross validating with KFold(n_splits=10, random_state=None, shuffle=False), n_jobs=-1
2022-08-08 12:42:55,959:INFO:Calculating mean and std
2022-08-08 12:42:55,962:INFO:Creating metrics dataframe
2022-08-08 12:42:55,973:INFO:Uploading results into container
2022-08-08 12:42:55,974:INFO:Uploading model into container now
2022-08-08 12:42:55,975:INFO:create_model_container: 5
2022-08-08 12:42:55,975:INFO:master_model_container: 5
2022-08-08 12:42:55,976:INFO:display_container: 2
2022-08-08 12:42:55,977:INFO:LassoLars(alpha=1.0, copy_X=True, eps=2.220446049250313e-16, fit_intercept=True,
          fit_path=True, jitter=None, max_iter=500, normalize=True,
          positive=False, precompute='auto', random_state=123, verbose=False)
2022-08-08 12:42:55,978:INFO:create_model() succesfully completed......................................
2022-08-08 12:42:56,077:INFO:SubProcess create_model() end ==================================
2022-08-08 12:42:56,078:INFO:Creating metrics dataframe
2022-08-08 12:42:56,098:INFO:Initializing Orthogonal Matching Pursuit
2022-08-08 12:42:56,099:INFO:Total runtime is 0.29010817607243855 minutes
2022-08-08 12:42:56,109:INFO:SubProcess create_model() called ==================================
2022-08-08 12:42:56,110:INFO:Initializing create_model()
2022-08-08 12:42:56,111:INFO:create_model(estimator=omp, fold=KFold(n_splits=10, random_state=None, shuffle=False), round=4, cross_validation=True, predict=True, fit_kwargs={}, groups=None, refit=False, verbose=False, system=False, metrics=None, add_to_model_list=True, probability_threshold=None, display=<pycaret.internal.Display.Display object at 0x7fd5155f8d30>, kwargs={})
2022-08-08 12:42:56,111:INFO:Checking exceptions
2022-08-08 12:42:56,111:INFO:Importing libraries
2022-08-08 12:42:56,112:INFO:Copying training dataset
2022-08-08 12:42:56,114:INFO:Defining folds
2022-08-08 12:42:56,114:INFO:Declaring metric variables
2022-08-08 12:42:56,123:INFO:Importing untrained model
2022-08-08 12:42:56,133:INFO:Orthogonal Matching Pursuit Imported succesfully
2022-08-08 12:42:56,154:INFO:Starting cross validation
2022-08-08 12:42:56,155:INFO:Cross validating with KFold(n_splits=10, random_state=None, shuffle=False), n_jobs=-1
2022-08-08 12:42:58,238:INFO:Calculating mean and std
2022-08-08 12:42:58,240:INFO:Creating metrics dataframe
2022-08-08 12:42:58,245:INFO:Uploading results into container
2022-08-08 12:42:58,245:INFO:Uploading model into container now
2022-08-08 12:42:58,247:INFO:create_model_container: 6
2022-08-08 12:42:58,248:INFO:master_model_container: 6
2022-08-08 12:42:58,248:INFO:display_container: 2
2022-08-08 12:42:58,249:INFO:OrthogonalMatchingPursuit(fit_intercept=True, n_nonzero_coefs=None,
                          normalize=True, precompute='auto', tol=None)
2022-08-08 12:42:58,249:INFO:create_model() succesfully completed......................................
2022-08-08 12:42:58,318:INFO:SubProcess create_model() end ==================================
2022-08-08 12:42:58,318:INFO:Creating metrics dataframe
2022-08-08 12:42:58,337:INFO:Initializing Bayesian Ridge
2022-08-08 12:42:58,338:INFO:Total runtime is 0.3274210810661316 minutes
2022-08-08 12:42:58,347:INFO:SubProcess create_model() called ==================================
2022-08-08 12:42:58,348:INFO:Initializing create_model()
2022-08-08 12:42:58,348:INFO:create_model(estimator=br, fold=KFold(n_splits=10, random_state=None, shuffle=False), round=4, cross_validation=True, predict=True, fit_kwargs={}, groups=None, refit=False, verbose=False, system=False, metrics=None, add_to_model_list=True, probability_threshold=None, display=<pycaret.internal.Display.Display object at 0x7fd5155f8d30>, kwargs={})
2022-08-08 12:42:58,349:INFO:Checking exceptions
2022-08-08 12:42:58,349:INFO:Importing libraries
2022-08-08 12:42:58,349:INFO:Copying training dataset
2022-08-08 12:42:58,351:INFO:Defining folds
2022-08-08 12:42:58,352:INFO:Declaring metric variables
2022-08-08 12:42:58,361:INFO:Importing untrained model
2022-08-08 12:42:58,370:INFO:Bayesian Ridge Imported succesfully
2022-08-08 12:42:58,391:INFO:Starting cross validation
2022-08-08 12:42:58,392:INFO:Cross validating with KFold(n_splits=10, random_state=None, shuffle=False), n_jobs=-1
2022-08-08 12:42:59,477:INFO:Calculating mean and std
2022-08-08 12:42:59,478:INFO:Creating metrics dataframe
2022-08-08 12:42:59,485:INFO:Uploading results into container
2022-08-08 12:42:59,485:INFO:Uploading model into container now
2022-08-08 12:42:59,486:INFO:create_model_container: 7
2022-08-08 12:42:59,486:INFO:master_model_container: 7
2022-08-08 12:42:59,486:INFO:display_container: 2
2022-08-08 12:42:59,487:INFO:BayesianRidge(alpha_1=1e-06, alpha_2=1e-06, alpha_init=None,
              compute_score=False, copy_X=True, fit_intercept=True,
              lambda_1=1e-06, lambda_2=1e-06, lambda_init=None, n_iter=300,
              normalize=False, tol=0.001, verbose=False)
2022-08-08 12:42:59,487:INFO:create_model() succesfully completed......................................
2022-08-08 12:42:59,557:INFO:SubProcess create_model() end ==================================
2022-08-08 12:42:59,557:INFO:Creating metrics dataframe
2022-08-08 12:42:59,578:INFO:Initializing Passive Aggressive Regressor
2022-08-08 12:42:59,579:INFO:Total runtime is 0.3481062173843384 minutes
2022-08-08 12:42:59,591:INFO:SubProcess create_model() called ==================================
2022-08-08 12:42:59,592:INFO:Initializing create_model()
2022-08-08 12:42:59,592:INFO:create_model(estimator=par, fold=KFold(n_splits=10, random_state=None, shuffle=False), round=4, cross_validation=True, predict=True, fit_kwargs={}, groups=None, refit=False, verbose=False, system=False, metrics=None, add_to_model_list=True, probability_threshold=None, display=<pycaret.internal.Display.Display object at 0x7fd5155f8d30>, kwargs={})
2022-08-08 12:42:59,592:INFO:Checking exceptions
2022-08-08 12:42:59,593:INFO:Importing libraries
2022-08-08 12:42:59,593:INFO:Copying training dataset
2022-08-08 12:42:59,595:INFO:Defining folds
2022-08-08 12:42:59,596:INFO:Declaring metric variables
2022-08-08 12:42:59,605:INFO:Importing untrained model
2022-08-08 12:42:59,615:INFO:Passive Aggressive Regressor Imported succesfully
2022-08-08 12:42:59,635:INFO:Starting cross validation
2022-08-08 12:42:59,636:INFO:Cross validating with KFold(n_splits=10, random_state=None, shuffle=False), n_jobs=-1
2022-08-08 12:43:00,111:INFO:Calculating mean and std
2022-08-08 12:43:00,113:INFO:Creating metrics dataframe
2022-08-08 12:43:00,122:INFO:Uploading results into container
2022-08-08 12:43:00,123:INFO:Uploading model into container now
2022-08-08 12:43:00,124:INFO:create_model_container: 8
2022-08-08 12:43:00,124:INFO:master_model_container: 8
2022-08-08 12:43:00,125:INFO:display_container: 2
2022-08-08 12:43:00,126:INFO:PassiveAggressiveRegressor(C=1.0, average=False, early_stopping=False,
                           epsilon=0.1, fit_intercept=True,
                           loss='epsilon_insensitive', max_iter=1000,
                           n_iter_no_change=5, random_state=123, shuffle=True,
                           tol=0.001, validation_fraction=0.1, verbose=0,
                           warm_start=False)
2022-08-08 12:43:00,127:INFO:create_model() succesfully completed......................................
2022-08-08 12:43:00,204:INFO:SubProcess create_model() end ==================================
2022-08-08 12:43:00,205:INFO:Creating metrics dataframe
2022-08-08 12:43:00,226:INFO:Initializing Huber Regressor
2022-08-08 12:43:00,227:INFO:Total runtime is 0.35891152222951256 minutes
2022-08-08 12:43:00,240:INFO:SubProcess create_model() called ==================================
2022-08-08 12:43:00,240:INFO:Initializing create_model()
2022-08-08 12:43:00,241:INFO:create_model(estimator=huber, fold=KFold(n_splits=10, random_state=None, shuffle=False), round=4, cross_validation=True, predict=True, fit_kwargs={}, groups=None, refit=False, verbose=False, system=False, metrics=None, add_to_model_list=True, probability_threshold=None, display=<pycaret.internal.Display.Display object at 0x7fd5155f8d30>, kwargs={})
2022-08-08 12:43:00,241:INFO:Checking exceptions
2022-08-08 12:43:00,242:INFO:Importing libraries
2022-08-08 12:43:00,242:INFO:Copying training dataset
2022-08-08 12:43:00,245:INFO:Defining folds
2022-08-08 12:43:00,245:INFO:Declaring metric variables
2022-08-08 12:43:00,255:INFO:Importing untrained model
2022-08-08 12:43:00,264:INFO:Huber Regressor Imported succesfully
2022-08-08 12:43:00,284:INFO:Starting cross validation
2022-08-08 12:43:00,285:INFO:Cross validating with KFold(n_splits=10, random_state=None, shuffle=False), n_jobs=-1
2022-08-08 12:43:04,109:INFO:Calculating mean and std
2022-08-08 12:43:04,111:INFO:Creating metrics dataframe
2022-08-08 12:43:04,115:INFO:Uploading results into container
2022-08-08 12:43:04,116:INFO:Uploading model into container now
2022-08-08 12:43:04,116:INFO:create_model_container: 9
2022-08-08 12:43:04,117:INFO:master_model_container: 9
2022-08-08 12:43:04,117:INFO:display_container: 2
2022-08-08 12:43:04,118:INFO:HuberRegressor(alpha=0.0001, epsilon=1.35, fit_intercept=True, max_iter=100,
               tol=1e-05, warm_start=False)
2022-08-08 12:43:04,118:INFO:create_model() succesfully completed......................................
2022-08-08 12:43:04,191:INFO:SubProcess create_model() end ==================================
2022-08-08 12:43:04,192:INFO:Creating metrics dataframe
2022-08-08 12:43:04,213:INFO:Initializing K Neighbors Regressor
2022-08-08 12:43:04,214:INFO:Total runtime is 0.42536039749781296 minutes
2022-08-08 12:43:04,224:INFO:SubProcess create_model() called ==================================
2022-08-08 12:43:04,225:INFO:Initializing create_model()
2022-08-08 12:43:04,225:INFO:create_model(estimator=knn, fold=KFold(n_splits=10, random_state=None, shuffle=False), round=4, cross_validation=True, predict=True, fit_kwargs={}, groups=None, refit=False, verbose=False, system=False, metrics=None, add_to_model_list=True, probability_threshold=None, display=<pycaret.internal.Display.Display object at 0x7fd5155f8d30>, kwargs={})
2022-08-08 12:43:04,226:INFO:Checking exceptions
2022-08-08 12:43:04,226:INFO:Importing libraries
2022-08-08 12:43:04,227:INFO:Copying training dataset
2022-08-08 12:43:04,229:INFO:Defining folds
2022-08-08 12:43:04,229:INFO:Declaring metric variables
2022-08-08 12:43:04,239:INFO:Importing untrained model
2022-08-08 12:43:04,249:INFO:K Neighbors Regressor Imported succesfully
2022-08-08 12:43:04,269:INFO:Starting cross validation
2022-08-08 12:43:04,270:INFO:Cross validating with KFold(n_splits=10, random_state=None, shuffle=False), n_jobs=-1
2022-08-08 12:43:04,674:INFO:Calculating mean and std
2022-08-08 12:43:04,675:INFO:Creating metrics dataframe
2022-08-08 12:43:04,679:INFO:Uploading results into container
2022-08-08 12:43:04,680:INFO:Uploading model into container now
2022-08-08 12:43:04,680:INFO:create_model_container: 10
2022-08-08 12:43:04,680:INFO:master_model_container: 10
2022-08-08 12:43:04,680:INFO:display_container: 2
2022-08-08 12:43:04,681:INFO:KNeighborsRegressor(algorithm='auto', leaf_size=30, metric='minkowski',
                    metric_params=None, n_jobs=-1, n_neighbors=5, p=2,
                    weights='uniform')
2022-08-08 12:43:04,681:INFO:create_model() succesfully completed......................................
2022-08-08 12:43:04,746:INFO:SubProcess create_model() end ==================================
2022-08-08 12:43:04,747:INFO:Creating metrics dataframe
2022-08-08 12:43:04,769:INFO:Initializing Decision Tree Regressor
2022-08-08 12:43:04,769:INFO:Total runtime is 0.4346120874087016 minutes
2022-08-08 12:43:04,780:INFO:SubProcess create_model() called ==================================
2022-08-08 12:43:04,781:INFO:Initializing create_model()
2022-08-08 12:43:04,781:INFO:create_model(estimator=dt, fold=KFold(n_splits=10, random_state=None, shuffle=False), round=4, cross_validation=True, predict=True, fit_kwargs={}, groups=None, refit=False, verbose=False, system=False, metrics=None, add_to_model_list=True, probability_threshold=None, display=<pycaret.internal.Display.Display object at 0x7fd5155f8d30>, kwargs={})
2022-08-08 12:43:04,782:INFO:Checking exceptions
2022-08-08 12:43:04,782:INFO:Importing libraries
2022-08-08 12:43:04,782:INFO:Copying training dataset
2022-08-08 12:43:04,784:INFO:Defining folds
2022-08-08 12:43:04,785:INFO:Declaring metric variables
2022-08-08 12:43:04,795:INFO:Importing untrained model
2022-08-08 12:43:04,805:INFO:Decision Tree Regressor Imported succesfully
2022-08-08 12:43:04,829:INFO:Starting cross validation
2022-08-08 12:43:04,830:INFO:Cross validating with KFold(n_splits=10, random_state=None, shuffle=False), n_jobs=-1
2022-08-08 12:43:05,104:INFO:Calculating mean and std
2022-08-08 12:43:05,105:INFO:Creating metrics dataframe
2022-08-08 12:43:05,109:INFO:Uploading results into container
2022-08-08 12:43:05,109:INFO:Uploading model into container now
2022-08-08 12:43:05,110:INFO:create_model_container: 11
2022-08-08 12:43:05,110:INFO:master_model_container: 11
2022-08-08 12:43:05,110:INFO:display_container: 2
2022-08-08 12:43:05,111:INFO:DecisionTreeRegressor(ccp_alpha=0.0, criterion='mse', max_depth=None,
                      max_features=None, max_leaf_nodes=None,
                      min_impurity_decrease=0.0, min_impurity_split=None,
                      min_samples_leaf=1, min_samples_split=2,
                      min_weight_fraction_leaf=0.0, presort='deprecated',
                      random_state=123, splitter='best')
2022-08-08 12:43:05,111:INFO:create_model() succesfully completed......................................
2022-08-08 12:43:05,176:INFO:SubProcess create_model() end ==================================
2022-08-08 12:43:05,177:INFO:Creating metrics dataframe
2022-08-08 12:43:05,197:INFO:Initializing Random Forest Regressor
2022-08-08 12:43:05,197:INFO:Total runtime is 0.441747260093689 minutes
2022-08-08 12:43:05,209:INFO:SubProcess create_model() called ==================================
2022-08-08 12:43:05,209:INFO:Initializing create_model()
2022-08-08 12:43:05,210:INFO:create_model(estimator=rf, fold=KFold(n_splits=10, random_state=None, shuffle=False), round=4, cross_validation=True, predict=True, fit_kwargs={}, groups=None, refit=False, verbose=False, system=False, metrics=None, add_to_model_list=True, probability_threshold=None, display=<pycaret.internal.Display.Display object at 0x7fd5155f8d30>, kwargs={})
2022-08-08 12:43:05,210:INFO:Checking exceptions
2022-08-08 12:43:05,210:INFO:Importing libraries
2022-08-08 12:43:05,211:INFO:Copying training dataset
2022-08-08 12:43:05,213:INFO:Defining folds
2022-08-08 12:43:05,214:INFO:Declaring metric variables
2022-08-08 12:43:05,224:INFO:Importing untrained model
2022-08-08 12:43:05,234:INFO:Random Forest Regressor Imported succesfully
2022-08-08 12:43:05,255:INFO:Starting cross validation
2022-08-08 12:43:05,257:INFO:Cross validating with KFold(n_splits=10, random_state=None, shuffle=False), n_jobs=-1
2022-08-08 12:43:18,866:INFO:Calculating mean and std
2022-08-08 12:43:18,867:INFO:Creating metrics dataframe
2022-08-08 12:43:18,872:INFO:Uploading results into container
2022-08-08 12:43:18,873:INFO:Uploading model into container now
2022-08-08 12:43:18,873:INFO:create_model_container: 12
2022-08-08 12:43:18,874:INFO:master_model_container: 12
2022-08-08 12:43:18,874:INFO:display_container: 2
2022-08-08 12:43:18,875:INFO:RandomForestRegressor(bootstrap=True, ccp_alpha=0.0, criterion='mse',
                      max_depth=None, max_features='auto', max_leaf_nodes=None,
                      max_samples=None, min_impurity_decrease=0.0,
                      min_impurity_split=None, min_samples_leaf=1,
                      min_samples_split=2, min_weight_fraction_leaf=0.0,
                      n_estimators=100, n_jobs=-1, oob_score=False,
                      random_state=123, verbose=0, warm_start=False)
2022-08-08 12:43:18,875:INFO:create_model() succesfully completed......................................
2022-08-08 12:43:18,943:INFO:SubProcess create_model() end ==================================
2022-08-08 12:43:18,944:INFO:Creating metrics dataframe
2022-08-08 12:43:18,966:INFO:Initializing Extra Trees Regressor
2022-08-08 12:43:18,967:INFO:Total runtime is 0.6712433576583863 minutes
2022-08-08 12:43:18,977:INFO:SubProcess create_model() called ==================================
2022-08-08 12:43:18,977:INFO:Initializing create_model()
2022-08-08 12:43:18,978:INFO:create_model(estimator=et, fold=KFold(n_splits=10, random_state=None, shuffle=False), round=4, cross_validation=True, predict=True, fit_kwargs={}, groups=None, refit=False, verbose=False, system=False, metrics=None, add_to_model_list=True, probability_threshold=None, display=<pycaret.internal.Display.Display object at 0x7fd5155f8d30>, kwargs={})
2022-08-08 12:43:18,978:INFO:Checking exceptions
2022-08-08 12:43:18,978:INFO:Importing libraries
2022-08-08 12:43:18,979:INFO:Copying training dataset
2022-08-08 12:43:18,980:INFO:Defining folds
2022-08-08 12:43:18,981:INFO:Declaring metric variables
2022-08-08 12:43:18,990:INFO:Importing untrained model
2022-08-08 12:43:19,000:INFO:Extra Trees Regressor Imported succesfully
2022-08-08 12:43:19,023:INFO:Starting cross validation
2022-08-08 12:43:19,024:INFO:Cross validating with KFold(n_splits=10, random_state=None, shuffle=False), n_jobs=-1
2022-08-08 12:43:35,035:INFO:Calculating mean and std
2022-08-08 12:43:35,037:INFO:Creating metrics dataframe
2022-08-08 12:43:35,045:INFO:Uploading results into container
2022-08-08 12:43:35,046:INFO:Uploading model into container now
2022-08-08 12:43:35,047:INFO:create_model_container: 13
2022-08-08 12:43:35,047:INFO:master_model_container: 13
2022-08-08 12:43:35,048:INFO:display_container: 2
2022-08-08 12:43:35,050:INFO:ExtraTreesRegressor(bootstrap=False, ccp_alpha=0.0, criterion='mse',
                    max_depth=None, max_features='auto', max_leaf_nodes=None,
                    max_samples=None, min_impurity_decrease=0.0,
                    min_impurity_split=None, min_samples_leaf=1,
                    min_samples_split=2, min_weight_fraction_leaf=0.0,
                    n_estimators=100, n_jobs=-1, oob_score=False,
                    random_state=123, verbose=0, warm_start=False)
2022-08-08 12:43:35,050:INFO:create_model() succesfully completed......................................
2022-08-08 12:43:35,142:INFO:SubProcess create_model() end ==================================
2022-08-08 12:43:35,142:INFO:Creating metrics dataframe
2022-08-08 12:43:35,165:INFO:Initializing AdaBoost Regressor
2022-08-08 12:43:35,165:INFO:Total runtime is 0.9412096977233887 minutes
2022-08-08 12:43:35,174:INFO:SubProcess create_model() called ==================================
2022-08-08 12:43:35,175:INFO:Initializing create_model()
2022-08-08 12:43:35,175:INFO:create_model(estimator=ada, fold=KFold(n_splits=10, random_state=None, shuffle=False), round=4, cross_validation=True, predict=True, fit_kwargs={}, groups=None, refit=False, verbose=False, system=False, metrics=None, add_to_model_list=True, probability_threshold=None, display=<pycaret.internal.Display.Display object at 0x7fd5155f8d30>, kwargs={})
2022-08-08 12:43:35,176:INFO:Checking exceptions
2022-08-08 12:43:35,176:INFO:Importing libraries
2022-08-08 12:43:35,177:INFO:Copying training dataset
2022-08-08 12:43:35,178:INFO:Defining folds
2022-08-08 12:43:35,179:INFO:Declaring metric variables
2022-08-08 12:43:35,188:INFO:Importing untrained model
2022-08-08 12:43:35,198:INFO:AdaBoost Regressor Imported succesfully
2022-08-08 12:43:35,219:INFO:Starting cross validation
2022-08-08 12:43:35,220:INFO:Cross validating with KFold(n_splits=10, random_state=None, shuffle=False), n_jobs=-1
2022-08-08 12:43:38,700:INFO:Calculating mean and std
2022-08-08 12:43:38,701:INFO:Creating metrics dataframe
2022-08-08 12:43:38,705:INFO:Uploading results into container
2022-08-08 12:43:38,706:INFO:Uploading model into container now
2022-08-08 12:43:38,706:INFO:create_model_container: 14
2022-08-08 12:43:38,707:INFO:master_model_container: 14
2022-08-08 12:43:38,707:INFO:display_container: 2
2022-08-08 12:43:38,708:INFO:AdaBoostRegressor(base_estimator=None, learning_rate=1.0, loss='linear',
                  n_estimators=50, random_state=123)
2022-08-08 12:43:38,708:INFO:create_model() succesfully completed......................................
2022-08-08 12:43:38,773:INFO:SubProcess create_model() end ==================================
2022-08-08 12:43:38,774:INFO:Creating metrics dataframe
2022-08-08 12:43:38,797:INFO:Initializing Gradient Boosting Regressor
2022-08-08 12:43:38,797:INFO:Total runtime is 1.0017444372177124 minutes
2022-08-08 12:43:38,807:INFO:SubProcess create_model() called ==================================
2022-08-08 12:43:38,808:INFO:Initializing create_model()
2022-08-08 12:43:38,809:INFO:create_model(estimator=gbr, fold=KFold(n_splits=10, random_state=None, shuffle=False), round=4, cross_validation=True, predict=True, fit_kwargs={}, groups=None, refit=False, verbose=False, system=False, metrics=None, add_to_model_list=True, probability_threshold=None, display=<pycaret.internal.Display.Display object at 0x7fd5155f8d30>, kwargs={})
2022-08-08 12:43:38,809:INFO:Checking exceptions
2022-08-08 12:43:38,809:INFO:Importing libraries
2022-08-08 12:43:38,810:INFO:Copying training dataset
2022-08-08 12:43:38,812:INFO:Defining folds
2022-08-08 12:43:38,813:INFO:Declaring metric variables
2022-08-08 12:43:38,823:INFO:Importing untrained model
2022-08-08 12:43:38,835:INFO:Gradient Boosting Regressor Imported succesfully
2022-08-08 12:43:38,856:INFO:Starting cross validation
2022-08-08 12:43:38,857:INFO:Cross validating with KFold(n_splits=10, random_state=None, shuffle=False), n_jobs=-1
2022-08-08 12:43:41,962:INFO:Calculating mean and std
2022-08-08 12:43:41,964:INFO:Creating metrics dataframe
2022-08-08 12:43:41,974:INFO:Uploading results into container
2022-08-08 12:43:41,975:INFO:Uploading model into container now
2022-08-08 12:43:41,976:INFO:create_model_container: 15
2022-08-08 12:43:41,977:INFO:master_model_container: 15
2022-08-08 12:43:41,978:INFO:display_container: 2
2022-08-08 12:43:41,979:INFO:GradientBoostingRegressor(alpha=0.9, ccp_alpha=0.0, criterion='friedman_mse',
                          init=None, learning_rate=0.1, loss='ls', max_depth=3,
                          max_features=None, max_leaf_nodes=None,
                          min_impurity_decrease=0.0, min_impurity_split=None,
                          min_samples_leaf=1, min_samples_split=2,
                          min_weight_fraction_leaf=0.0, n_estimators=100,
                          n_iter_no_change=None, presort='deprecated',
                          random_state=123, subsample=1.0, tol=0.0001,
                          validation_fraction=0.1, verbose=0, warm_start=False)
2022-08-08 12:43:41,980:INFO:create_model() succesfully completed......................................
2022-08-08 12:43:42,076:INFO:SubProcess create_model() end ==================================
2022-08-08 12:43:42,076:INFO:Creating metrics dataframe
2022-08-08 12:43:42,099:INFO:Initializing Extreme Gradient Boosting
2022-08-08 12:43:42,100:INFO:Total runtime is 1.0567891438802084 minutes
2022-08-08 12:43:42,109:INFO:SubProcess create_model() called ==================================
2022-08-08 12:43:42,110:INFO:Initializing create_model()
2022-08-08 12:43:42,110:INFO:create_model(estimator=xgboost, fold=KFold(n_splits=10, random_state=None, shuffle=False), round=4, cross_validation=True, predict=True, fit_kwargs={}, groups=None, refit=False, verbose=False, system=False, metrics=None, add_to_model_list=True, probability_threshold=None, display=<pycaret.internal.Display.Display object at 0x7fd5155f8d30>, kwargs={})
2022-08-08 12:43:42,111:INFO:Checking exceptions
2022-08-08 12:43:42,111:INFO:Importing libraries
2022-08-08 12:43:42,111:INFO:Copying training dataset
2022-08-08 12:43:42,113:INFO:Defining folds
2022-08-08 12:43:42,114:INFO:Declaring metric variables
2022-08-08 12:43:42,123:INFO:Importing untrained model
2022-08-08 12:43:42,133:INFO:Extreme Gradient Boosting Imported succesfully
2022-08-08 12:43:42,154:INFO:Starting cross validation
2022-08-08 12:43:42,156:INFO:Cross validating with KFold(n_splits=10, random_state=None, shuffle=False), n_jobs=-1
2022-08-08 12:46:30,896:INFO:Calculating mean and std
2022-08-08 12:46:30,897:INFO:Creating metrics dataframe
2022-08-08 12:46:30,905:INFO:Uploading results into container
2022-08-08 12:46:30,906:INFO:Uploading model into container now
2022-08-08 12:46:30,906:INFO:create_model_container: 16
2022-08-08 12:46:30,906:INFO:master_model_container: 16
2022-08-08 12:46:30,906:INFO:display_container: 2
2022-08-08 12:46:30,907:INFO:XGBRegressor(base_score=None, booster='gbtree', colsample_bylevel=None,
             colsample_bynode=None, colsample_bytree=None,
             enable_categorical=False, gamma=None, gpu_id=None,
             importance_type=None, interaction_constraints=None,
             learning_rate=None, max_delta_step=None, max_depth=None,
             min_child_weight=None, missing=nan, monotone_constraints=None,
             n_estimators=100, n_jobs=-1, num_parallel_tree=None,
             objective='reg:squarederror', predictor=None, random_state=123,
             reg_alpha=None, reg_lambda=None, scale_pos_weight=None,
             subsample=None, tree_method='auto', validate_parameters=None,
             verbosity=0)
2022-08-08 12:46:30,908:INFO:create_model() succesfully completed......................................
2022-08-08 12:46:30,979:INFO:SubProcess create_model() end ==================================
2022-08-08 12:46:30,979:INFO:Creating metrics dataframe
2022-08-08 12:46:30,999:INFO:Initializing Light Gradient Boosting Machine
2022-08-08 12:46:31,000:INFO:Total runtime is 3.8717926065127055 minutes
2022-08-08 12:46:31,010:INFO:SubProcess create_model() called ==================================
2022-08-08 12:46:31,011:INFO:Initializing create_model()
2022-08-08 12:46:31,011:INFO:create_model(estimator=lightgbm, fold=KFold(n_splits=10, random_state=None, shuffle=False), round=4, cross_validation=True, predict=True, fit_kwargs={}, groups=None, refit=False, verbose=False, system=False, metrics=None, add_to_model_list=True, probability_threshold=None, display=<pycaret.internal.Display.Display object at 0x7fd5155f8d30>, kwargs={})
2022-08-08 12:46:31,011:INFO:Checking exceptions
2022-08-08 12:46:31,012:INFO:Importing libraries
2022-08-08 12:46:31,012:INFO:Copying training dataset
2022-08-08 12:46:31,014:INFO:Defining folds
2022-08-08 12:46:31,014:INFO:Declaring metric variables
2022-08-08 12:46:31,023:INFO:Importing untrained model
2022-08-08 12:46:31,033:INFO:Light Gradient Boosting Machine Imported succesfully
2022-08-08 12:46:31,051:INFO:Starting cross validation
2022-08-08 12:46:31,052:INFO:Cross validating with KFold(n_splits=10, random_state=None, shuffle=False), n_jobs=-1
2022-08-08 12:46:31,720:INFO:Calculating mean and std
2022-08-08 12:46:31,721:INFO:Creating metrics dataframe
2022-08-08 12:46:31,726:INFO:Uploading results into container
2022-08-08 12:46:31,726:INFO:Uploading model into container now
2022-08-08 12:46:31,727:INFO:create_model_container: 17
2022-08-08 12:46:31,727:INFO:master_model_container: 17
2022-08-08 12:46:31,728:INFO:display_container: 2
2022-08-08 12:46:31,728:INFO:LGBMRegressor(boosting_type='gbdt', class_weight=None, colsample_bytree=1.0,
              importance_type='split', learning_rate=0.1, max_depth=-1,
              min_child_samples=20, min_child_weight=0.001, min_split_gain=0.0,
              n_estimators=100, n_jobs=-1, num_leaves=31, objective=None,
              random_state=123, reg_alpha=0.0, reg_lambda=0.0, silent='warn',
              subsample=1.0, subsample_for_bin=200000, subsample_freq=0)
2022-08-08 12:46:31,729:INFO:create_model() succesfully completed......................................
2022-08-08 12:46:31,803:INFO:SubProcess create_model() end ==================================
2022-08-08 12:46:31,804:INFO:Creating metrics dataframe
2022-08-08 12:46:31,829:INFO:Initializing CatBoost Regressor
2022-08-08 12:46:31,829:INFO:Total runtime is 3.8856118599573772 minutes
2022-08-08 12:46:31,843:INFO:SubProcess create_model() called ==================================
2022-08-08 12:46:31,844:INFO:Initializing create_model()
2022-08-08 12:46:31,844:INFO:create_model(estimator=catboost, fold=KFold(n_splits=10, random_state=None, shuffle=False), round=4, cross_validation=True, predict=True, fit_kwargs={}, groups=None, refit=False, verbose=False, system=False, metrics=None, add_to_model_list=True, probability_threshold=None, display=<pycaret.internal.Display.Display object at 0x7fd5155f8d30>, kwargs={})
2022-08-08 12:46:31,844:INFO:Checking exceptions
2022-08-08 12:46:31,845:INFO:Importing libraries
2022-08-08 12:46:31,845:INFO:Copying training dataset
2022-08-08 12:46:31,847:INFO:Defining folds
2022-08-08 12:46:31,847:INFO:Declaring metric variables
2022-08-08 12:46:31,857:INFO:Importing untrained model
2022-08-08 12:46:31,868:INFO:CatBoost Regressor Imported succesfully
2022-08-08 12:46:31,890:INFO:Starting cross validation
2022-08-08 12:46:31,891:INFO:Cross validating with KFold(n_splits=10, random_state=None, shuffle=False), n_jobs=-1
2022-08-08 12:47:38,266:INFO:Calculating mean and std
2022-08-08 12:47:38,267:INFO:Creating metrics dataframe
2022-08-08 12:47:38,272:INFO:Uploading results into container
2022-08-08 12:47:38,273:INFO:Uploading model into container now
2022-08-08 12:47:38,273:INFO:create_model_container: 18
2022-08-08 12:47:38,274:INFO:master_model_container: 18
2022-08-08 12:47:38,274:INFO:display_container: 2
2022-08-08 12:47:38,275:INFO:<catboost.core.CatBoostRegressor object at 0x7fd515214c40>
2022-08-08 12:47:38,275:INFO:create_model() succesfully completed......................................
2022-08-08 12:47:38,348:INFO:SubProcess create_model() end ==================================
2022-08-08 12:47:38,348:INFO:Creating metrics dataframe
2022-08-08 12:47:38,370:INFO:Initializing Dummy Regressor
2022-08-08 12:47:38,370:INFO:Total runtime is 4.994633448123932 minutes
2022-08-08 12:47:38,381:INFO:SubProcess create_model() called ==================================
2022-08-08 12:47:38,382:INFO:Initializing create_model()
2022-08-08 12:47:38,382:INFO:create_model(estimator=dummy, fold=KFold(n_splits=10, random_state=None, shuffle=False), round=4, cross_validation=True, predict=True, fit_kwargs={}, groups=None, refit=False, verbose=False, system=False, metrics=None, add_to_model_list=True, probability_threshold=None, display=<pycaret.internal.Display.Display object at 0x7fd5155f8d30>, kwargs={})
2022-08-08 12:47:38,383:INFO:Checking exceptions
2022-08-08 12:47:38,383:INFO:Importing libraries
2022-08-08 12:47:38,383:INFO:Copying training dataset
2022-08-08 12:47:38,385:INFO:Defining folds
2022-08-08 12:47:38,385:INFO:Declaring metric variables
2022-08-08 12:47:38,395:INFO:Importing untrained model
2022-08-08 12:47:38,406:INFO:Dummy Regressor Imported succesfully
2022-08-08 12:47:38,427:INFO:Starting cross validation
2022-08-08 12:47:38,428:INFO:Cross validating with KFold(n_splits=10, random_state=None, shuffle=False), n_jobs=-1
2022-08-08 12:47:38,583:INFO:Calculating mean and std
2022-08-08 12:47:38,585:INFO:Creating metrics dataframe
2022-08-08 12:47:38,589:INFO:Uploading results into container
2022-08-08 12:47:38,589:INFO:Uploading model into container now
2022-08-08 12:47:38,590:INFO:create_model_container: 19
2022-08-08 12:47:38,590:INFO:master_model_container: 19
2022-08-08 12:47:38,590:INFO:display_container: 2
2022-08-08 12:47:38,591:INFO:DummyRegressor(constant=None, quantile=None, strategy='mean')
2022-08-08 12:47:38,592:INFO:create_model() succesfully completed......................................
2022-08-08 12:47:38,681:INFO:SubProcess create_model() end ==================================
2022-08-08 12:47:38,682:INFO:Creating metrics dataframe
2022-08-08 12:47:38,725:INFO:Initializing create_model()
2022-08-08 12:47:38,726:INFO:create_model(estimator=ExtraTreesRegressor(bootstrap=False, ccp_alpha=0.0, criterion='mse',
                    max_depth=None, max_features='auto', max_leaf_nodes=None,
                    max_samples=None, min_impurity_decrease=0.0,
                    min_impurity_split=None, min_samples_leaf=1,
                    min_samples_split=2, min_weight_fraction_leaf=0.0,
                    n_estimators=100, n_jobs=-1, oob_score=False,
                    random_state=123, verbose=0, warm_start=False), fold=KFold(n_splits=10, random_state=None, shuffle=False), round=4, cross_validation=False, predict=False, fit_kwargs={}, groups=None, refit=True, verbose=False, system=False, metrics=None, add_to_model_list=True, probability_threshold=None, display=None, kwargs={})
2022-08-08 12:47:38,726:INFO:Checking exceptions
2022-08-08 12:47:38,726:INFO:Importing libraries
2022-08-08 12:47:38,727:INFO:Copying training dataset
2022-08-08 12:47:38,728:INFO:Defining folds
2022-08-08 12:47:38,728:INFO:Declaring metric variables
2022-08-08 12:47:38,729:INFO:Importing untrained model
2022-08-08 12:47:38,729:INFO:Declaring custom model
2022-08-08 12:47:38,730:INFO:Extra Trees Regressor Imported succesfully
2022-08-08 12:47:38,731:INFO:Cross validation set to False
2022-08-08 12:47:38,731:INFO:Fitting Model
2022-08-08 12:47:40,494:INFO:ExtraTreesRegressor(bootstrap=False, ccp_alpha=0.0, criterion='mse',
                    max_depth=None, max_features='auto', max_leaf_nodes=None,
                    max_samples=None, min_impurity_decrease=0.0,
                    min_impurity_split=None, min_samples_leaf=1,
                    min_samples_split=2, min_weight_fraction_leaf=0.0,
                    n_estimators=100, n_jobs=-1, oob_score=False,
                    random_state=123, verbose=0, warm_start=False)
2022-08-08 12:47:40,495:INFO:create_models() succesfully completed......................................
2022-08-08 12:47:40,573:INFO:Initializing create_model()
2022-08-08 12:47:40,573:INFO:create_model(estimator=RandomForestRegressor(bootstrap=True, ccp_alpha=0.0, criterion='mse',
                      max_depth=None, max_features='auto', max_leaf_nodes=None,
                      max_samples=None, min_impurity_decrease=0.0,
                      min_impurity_split=None, min_samples_leaf=1,
                      min_samples_split=2, min_weight_fraction_leaf=0.0,
                      n_estimators=100, n_jobs=-1, oob_score=False,
                      random_state=123, verbose=0, warm_start=False), fold=KFold(n_splits=10, random_state=None, shuffle=False), round=4, cross_validation=False, predict=False, fit_kwargs={}, groups=None, refit=True, verbose=False, system=False, metrics=None, add_to_model_list=True, probability_threshold=None, display=None, kwargs={})
2022-08-08 12:47:40,574:INFO:Checking exceptions
2022-08-08 12:47:40,574:INFO:Importing libraries
2022-08-08 12:47:40,575:INFO:Copying training dataset
2022-08-08 12:47:40,576:INFO:Defining folds
2022-08-08 12:47:40,577:INFO:Declaring metric variables
2022-08-08 12:47:40,577:INFO:Importing untrained model
2022-08-08 12:47:40,577:INFO:Declaring custom model
2022-08-08 12:47:40,579:INFO:Random Forest Regressor Imported succesfully
2022-08-08 12:47:40,579:INFO:Cross validation set to False
2022-08-08 12:47:40,580:INFO:Fitting Model
2022-08-08 12:47:42,184:INFO:RandomForestRegressor(bootstrap=True, ccp_alpha=0.0, criterion='mse',
                      max_depth=None, max_features='auto', max_leaf_nodes=None,
                      max_samples=None, min_impurity_decrease=0.0,
                      min_impurity_split=None, min_samples_leaf=1,
                      min_samples_split=2, min_weight_fraction_leaf=0.0,
                      n_estimators=100, n_jobs=-1, oob_score=False,
                      random_state=123, verbose=0, warm_start=False)
2022-08-08 12:47:42,185:INFO:create_models() succesfully completed......................................
2022-08-08 12:47:42,263:INFO:Initializing create_model()
2022-08-08 12:47:42,264:INFO:create_model(estimator=XGBRegressor(base_score=None, booster='gbtree', colsample_bylevel=None,
             colsample_bynode=None, colsample_bytree=None,
             enable_categorical=False, gamma=None, gpu_id=None,
             importance_type=None, interaction_constraints=None,
             learning_rate=None, max_delta_step=None, max_depth=None,
             min_child_weight=None, missing=nan, monotone_constraints=None,
             n_estimators=100, n_jobs=-1, num_parallel_tree=None,
             objective='reg:squarederror', predictor=None, random_state=123,
             reg_alpha=None, reg_lambda=None, scale_pos_weight=None,
             subsample=None, tree_method='auto', validate_parameters=None,
             verbosity=0), fold=KFold(n_splits=10, random_state=None, shuffle=False), round=4, cross_validation=False, predict=False, fit_kwargs={}, groups=None, refit=True, verbose=False, system=False, metrics=None, add_to_model_list=True, probability_threshold=None, display=None, kwargs={})
2022-08-08 12:47:42,264:INFO:Checking exceptions
2022-08-08 12:47:42,265:INFO:Importing libraries
2022-08-08 12:47:42,265:INFO:Copying training dataset
2022-08-08 12:47:42,266:INFO:Defining folds
2022-08-08 12:47:42,267:INFO:Declaring metric variables
2022-08-08 12:47:42,267:INFO:Importing untrained model
2022-08-08 12:47:42,268:INFO:Declaring custom model
2022-08-08 12:47:42,270:INFO:Extreme Gradient Boosting Imported succesfully
2022-08-08 12:47:42,271:INFO:Cross validation set to False
2022-08-08 12:47:42,272:INFO:Fitting Model
2022-08-08 12:47:44,176:INFO:XGBRegressor(base_score=0.5, booster='gbtree', colsample_bylevel=1,
             colsample_bynode=1, colsample_bytree=1, enable_categorical=False,
             gamma=0, gpu_id=-1, importance_type=None,
             interaction_constraints='', learning_rate=0.300000012,
             max_delta_step=0, max_depth=6, min_child_weight=1, missing=nan,
             monotone_constraints='()', n_estimators=100, n_jobs=-1,
             num_parallel_tree=1, objective='reg:squarederror',
             predictor='auto', random_state=123, reg_alpha=0, reg_lambda=1,
             scale_pos_weight=1, subsample=1, tree_method='auto',
             validate_parameters=1, verbosity=0)
2022-08-08 12:47:44,176:INFO:create_models() succesfully completed......................................
2022-08-08 12:47:44,292:INFO:create_model_container: 19
2022-08-08 12:47:44,292:INFO:master_model_container: 19
2022-08-08 12:47:44,293:INFO:display_container: 2
2022-08-08 12:47:44,297:INFO:[ExtraTreesRegressor(bootstrap=False, ccp_alpha=0.0, criterion='mse',
                    max_depth=None, max_features='auto', max_leaf_nodes=None,
                    max_samples=None, min_impurity_decrease=0.0,
                    min_impurity_split=None, min_samples_leaf=1,
                    min_samples_split=2, min_weight_fraction_leaf=0.0,
                    n_estimators=100, n_jobs=-1, oob_score=False,
                    random_state=123, verbose=0, warm_start=False), RandomForestRegressor(bootstrap=True, ccp_alpha=0.0, criterion='mse',
                      max_depth=None, max_features='auto', max_leaf_nodes=None,
                      max_samples=None, min_impurity_decrease=0.0,
                      min_impurity_split=None, min_samples_leaf=1,
                      min_samples_split=2, min_weight_fraction_leaf=0.0,
                      n_estimators=100, n_jobs=-1, oob_score=False,
                      random_state=123, verbose=0, warm_start=False), XGBRegressor(base_score=0.5, booster='gbtree', colsample_bylevel=1,
             colsample_bynode=1, colsample_bytree=1, enable_categorical=False,
             gamma=0, gpu_id=-1, importance_type=None,
             interaction_constraints='', learning_rate=0.300000012,
             max_delta_step=0, max_depth=6, min_child_weight=1, missing=nan,
             monotone_constraints='()', n_estimators=100, n_jobs=-1,
             num_parallel_tree=1, objective='reg:squarederror',
             predictor='auto', random_state=123, reg_alpha=0, reg_lambda=1,
             scale_pos_weight=1, subsample=1, tree_method='auto',
             validate_parameters=1, verbosity=0)]
2022-08-08 12:47:44,297:INFO:compare_models() succesfully completed......................................
2022-08-08 12:47:44,307:INFO:Initializing blend_models()
2022-08-08 12:47:44,308:INFO:blend_models(estimator_list=[ExtraTreesRegressor(bootstrap=False, ccp_alpha=0.0, criterion='mse',
                    max_depth=None, max_features='auto', max_leaf_nodes=None,
                    max_samples=None, min_impurity_decrease=0.0,
                    min_impurity_split=None, min_samples_leaf=1,
                    min_samples_split=2, min_weight_fraction_leaf=0.0,
                    n_estimators=100, n_jobs=-1, oob_score=False,
                    random_state=123, verbose=0, warm_start=False), RandomForestRegressor(bootstrap=True, ccp_alpha=0.0, criterion='mse',
                      max_depth=None, max_features='auto', max_leaf_nodes=None,
                      max_samples=None, min_impurity_decrease=0.0,
                      min_impurity_split=None, min_samples_leaf=1,
                      min_samples_split=2, min_weight_fraction_leaf=0.0,
                      n_estimators=100, n_jobs=-1, oob_score=False,
                      random_state=123, verbose=0, warm_start=False), XGBRegressor(base_score=0.5, booster='gbtree', colsample_bylevel=1,
             colsample_bynode=1, colsample_bytree=1, enable_categorical=False,
             gamma=0, gpu_id=-1, importance_type=None,
             interaction_constraints='', learning_rate=0.300000012,
             max_delta_step=0, max_depth=6, min_child_weight=1, missing=nan,
             monotone_constraints='()', n_estimators=100, n_jobs=-1,
             num_parallel_tree=1, objective='reg:squarederror',
             predictor='auto', random_state=123, reg_alpha=0, reg_lambda=1,
             scale_pos_weight=1, subsample=1, tree_method='auto',
             validate_parameters=1, verbosity=0)], fold=None, round=4, choose_better=False, optimize=R2, method=auto, weights=None, fit_kwargs=None, groups=None, probability_threshold=None, verbose=True, display=None)
2022-08-08 12:47:44,308:INFO:Checking exceptions
2022-08-08 12:47:44,308:INFO:Preparing display monitor
2022-08-08 12:47:44,327:INFO:Importing libraries
2022-08-08 12:47:44,328:INFO:Copying training dataset
2022-08-08 12:47:44,339:INFO:Getting model names
2022-08-08 12:47:44,348:INFO:SubProcess create_model() called ==================================
2022-08-08 12:47:44,366:INFO:Initializing create_model()
2022-08-08 12:47:44,367:INFO:create_model(estimator=VotingRegressor(estimators=[('et',
                             ExtraTreesRegressor(bootstrap=False, ccp_alpha=0.0,
                                                 criterion='mse',
                                                 max_depth=None,
                                                 max_features='auto',
                                                 max_leaf_nodes=None,
                                                 max_samples=None,
                                                 min_impurity_decrease=0.0,
                                                 min_impurity_split=None,
                                                 min_samples_leaf=1,
                                                 min_samples_split=2,
                                                 min_weight_fraction_leaf=0.0,
                                                 n_estimators=100, n_jobs=-1,
                                                 oob_score=False,
                                                 random_state=123,...
                                          learning_rate=0.300000012,
                                          max_delta_step=0, max_depth=6,
                                          min_child_weight=1, missing=nan,
                                          monotone_constraints='()',
                                          n_estimators=100, n_jobs=-1,
                                          num_parallel_tree=1,
                                          objective='reg:squarederror',
                                          predictor='auto', random_state=123,
                                          reg_alpha=0, reg_lambda=1,
                                          scale_pos_weight=1, subsample=1,
                                          tree_method='auto',
                                          validate_parameters=1,
                                          verbosity=0))],
                n_jobs=-1, verbose=False, weights=None), fold=KFold(n_splits=10, random_state=None, shuffle=False), round=4, cross_validation=True, predict=True, fit_kwargs={}, groups=None, refit=True, verbose=True, system=False, metrics=None, add_to_model_list=True, probability_threshold=None, display=<pycaret.internal.Display.Display object at 0x7fd515cbbc70>, kwargs={})
2022-08-08 12:47:44,367:INFO:Checking exceptions
2022-08-08 12:47:44,367:INFO:Importing libraries
2022-08-08 12:47:44,368:INFO:Copying training dataset
2022-08-08 12:47:44,369:INFO:Defining folds
2022-08-08 12:47:44,370:INFO:Declaring metric variables
2022-08-08 12:47:44,378:INFO:Importing untrained model
2022-08-08 12:47:44,379:INFO:Declaring custom model
2022-08-08 12:47:44,391:INFO:Voting Regressor Imported succesfully
2022-08-08 12:47:44,410:INFO:Starting cross validation
2022-08-08 12:47:44,411:INFO:Cross validating with KFold(n_splits=10, random_state=None, shuffle=False), n_jobs=-1
2022-08-08 12:48:45,489:INFO:Calculating mean and std
2022-08-08 12:48:45,491:INFO:Creating metrics dataframe
2022-08-08 12:48:45,516:INFO:Finalizing model
2022-08-08 12:48:51,669:INFO:Uploading results into container
2022-08-08 12:48:51,670:INFO:Uploading model into container now
2022-08-08 12:48:51,670:INFO:create_model_container: 20
2022-08-08 12:48:51,671:INFO:master_model_container: 20
2022-08-08 12:48:51,671:INFO:display_container: 3
2022-08-08 12:48:51,683:INFO:VotingRegressor(estimators=[('et',
                             ExtraTreesRegressor(bootstrap=False, ccp_alpha=0.0,
                                                 criterion='mse',
                                                 max_depth=None,
                                                 max_features='auto',
                                                 max_leaf_nodes=None,
                                                 max_samples=None,
                                                 min_impurity_decrease=0.0,
                                                 min_impurity_split=None,
                                                 min_samples_leaf=1,
                                                 min_samples_split=2,
                                                 min_weight_fraction_leaf=0.0,
                                                 n_estimators=100, n_jobs=-1,
                                                 oob_score=False,
                                                 random_state=123,...
                                          learning_rate=0.300000012,
                                          max_delta_step=0, max_depth=6,
                                          min_child_weight=1, missing=nan,
                                          monotone_constraints='()',
                                          n_estimators=100, n_jobs=-1,
                                          num_parallel_tree=1,
                                          objective='reg:squarederror',
                                          predictor='auto', random_state=123,
                                          reg_alpha=0, reg_lambda=1,
                                          scale_pos_weight=1, subsample=1,
                                          tree_method='auto',
                                          validate_parameters=1,
                                          verbosity=0))],
                n_jobs=-1, verbose=False, weights=None)
2022-08-08 12:48:51,684:INFO:create_model() succesfully completed......................................
2022-08-08 12:48:51,772:INFO:SubProcess create_model() end ==================================
2022-08-08 12:48:51,788:INFO:create_model_container: 20
2022-08-08 12:48:51,788:INFO:master_model_container: 20
2022-08-08 12:48:51,789:INFO:display_container: 3
2022-08-08 12:48:51,797:INFO:VotingRegressor(estimators=[('et',
                             ExtraTreesRegressor(bootstrap=False, ccp_alpha=0.0,
                                                 criterion='mse',
                                                 max_depth=None,
                                                 max_features='auto',
                                                 max_leaf_nodes=None,
                                                 max_samples=None,
                                                 min_impurity_decrease=0.0,
                                                 min_impurity_split=None,
                                                 min_samples_leaf=1,
                                                 min_samples_split=2,
                                                 min_weight_fraction_leaf=0.0,
                                                 n_estimators=100, n_jobs=-1,
                                                 oob_score=False,
                                                 random_state=123,...
                                          learning_rate=0.300000012,
                                          max_delta_step=0, max_depth=6,
                                          min_child_weight=1, missing=nan,
                                          monotone_constraints='()',
                                          n_estimators=100, n_jobs=-1,
                                          num_parallel_tree=1,
                                          objective='reg:squarederror',
                                          predictor='auto', random_state=123,
                                          reg_alpha=0, reg_lambda=1,
                                          scale_pos_weight=1, subsample=1,
                                          tree_method='auto',
                                          validate_parameters=1,
                                          verbosity=0))],
                n_jobs=-1, verbose=False, weights=None)
2022-08-08 12:48:51,797:INFO:blend_models() succesfully completed......................................
